<?xml version="1.0" encoding="UTF-8"?>
<testng-results skipped="0" failed="0" ignored="0" total="4" passed="4">
  <reporter-output>
  </reporter-output>
  <suite name="Default suite" duration-ms="6091" started-at="2019-04-03T12:21:24Z" finished-at="2019-04-03T12:21:31Z">
    <groups>
    </groups>
    <test name="Default test" duration-ms="6091" started-at="2019-04-03T12:21:24Z" finished-at="2019-04-03T12:21:31Z">
      <class name="CIBQAssement.com.org.api.APItask1">
        <test-method status="PASS" signature="TC101_AllDogBreeds()[pri:0, instance:CIBQAssement.com.org.api.APItask1@1bce4f0a]" name="TC101_AllDogBreeds" duration-ms="3243" started-at="2019-04-03T12:21:24Z" finished-at="2019-04-03T12:21:28Z">
          <reporter-output>
          </reporter-output>
        </test-method> <!-- TC101_AllDogBreeds -->
        <test-method status="PASS" signature="TC102_VerifyRetreiver()[pri:0, instance:CIBQAssement.com.org.api.APItask1@1bce4f0a]" name="TC102_VerifyRetreiver" duration-ms="1413" started-at="2019-04-03T12:21:28Z" finished-at="2019-04-03T12:21:29Z">
          <reporter-output>
          </reporter-output>
        </test-method> <!-- TC102_VerifyRetreiver -->
        <test-method status="PASS" signature="TC103_RetreiverList()[pri:0, instance:CIBQAssement.com.org.api.APItask1@1bce4f0a]" name="TC103_RetreiverList" duration-ms="697" started-at="2019-04-03T12:21:29Z" finished-at="2019-04-03T12:21:30Z">
          <reporter-output>
          </reporter-output>
        </test-method> <!-- TC103_RetreiverList -->
        <test-method status="PASS" signature="TC104_GoldenRandomImg()[pri:0, instance:CIBQAssement.com.org.api.APItask1@1bce4f0a]" name="TC104_GoldenRandomImg" duration-ms="675" started-at="2019-04-03T12:21:30Z" finished-at="2019-04-03T12:21:31Z">
          <reporter-output>
          </reporter-output>
        </test-method> <!-- TC104_GoldenRandomImg -->
      </class> <!-- CIBQAssement.com.org.api.APItask1 -->
    </test> <!-- Default test -->
  </suite> <!-- Default suite -->
</testng-results>
